C:\USERS\EPONICK\DOCUMENTS\PROJECTS\ALLEGRO\MUDCRAFT\MUDCRAFT\RELEASE\WIN32.OBJ
C:\USERS\EPONICK\DOCUMENTS\PROJECTS\ALLEGRO\MUDCRAFT\MUDCRAFT\RELEASE\UNIX.OBJ
C:\USERS\EPONICK\DOCUMENTS\PROJECTS\ALLEGRO\MUDCRAFT\MUDCRAFT\RELEASE\PROTOCOL.OBJ
C:\USERS\EPONICK\DOCUMENTS\PROJECTS\ALLEGRO\MUDCRAFT\MUDCRAFT\RELEASE\PEER.OBJ
C:\USERS\EPONICK\DOCUMENTS\PROJECTS\ALLEGRO\MUDCRAFT\MUDCRAFT\RELEASE\PACKET.OBJ
C:\USERS\EPONICK\DOCUMENTS\PROJECTS\ALLEGRO\MUDCRAFT\MUDCRAFT\RELEASE\LIST.OBJ
C:\USERS\EPONICK\DOCUMENTS\PROJECTS\ALLEGRO\MUDCRAFT\MUDCRAFT\RELEASE\HOST.OBJ
C:\USERS\EPONICK\DOCUMENTS\PROJECTS\ALLEGRO\MUDCRAFT\MUDCRAFT\RELEASE\COMPRESS.OBJ
C:\USERS\EPONICK\DOCUMENTS\PROJECTS\ALLEGRO\MUDCRAFT\MUDCRAFT\RELEASE\CALLBACKS.OBJ
C:\USERS\EPONICK\DOCUMENTS\PROJECTS\ALLEGRO\MUDCRAFT\MUDCRAFT\RELEASE\VC100.PDB
C:\USERS\EPONICK\DOCUMENTS\PROJECTS\ALLEGRO\MUDCRAFT\MUDCRAFT\RELEASE\CPLAYER.OBJ
C:\USERS\EPONICK\DOCUMENTS\PROJECTS\ALLEGRO\MUDCRAFT\MUDCRAFT\RELEASE\COBJ.OBJ
C:\USERS\EPONICK\DOCUMENTS\PROJECTS\ALLEGRO\MUDCRAFT\MUDCRAFT\RELEASE\CMOB.OBJ
C:\USERS\EPONICK\DOCUMENTS\PROJECTS\ALLEGRO\MUDCRAFT\MUDCRAFT\RELEASE\CMAP.OBJ
C:\USERS\EPONICK\DOCUMENTS\PROJECTS\ALLEGRO\MUDCRAFT\MUDCRAFT\RELEASE\CBUTTON.OBJ
C:\USERS\EPONICK\DOCUMENTS\PROJECTS\ALLEGRO\MUDCRAFT\MUDCRAFT\RELEASE\TITLESTATE.OBJ
C:\USERS\EPONICK\DOCUMENTS\PROJECTS\ALLEGRO\MUDCRAFT\MUDCRAFT\RELEASE\SERVERSTATE.OBJ
C:\USERS\EPONICK\DOCUMENTS\PROJECTS\ALLEGRO\MUDCRAFT\MUDCRAFT\RELEASE\SS_USERCOMMANDS.OBJ
C:\USERS\EPONICK\DOCUMENTS\PROJECTS\ALLEGRO\MUDCRAFT\MUDCRAFT\RELEASE\MAIN.OBJ
C:\USERS\EPONICK\DOCUMENTS\PROJECTS\ALLEGRO\MUDCRAFT\MUDCRAFT\RELEASE\GAMESTATE.OBJ
C:\USERS\EPONICK\DOCUMENTS\PROJECTS\ALLEGRO\MUDCRAFT\MUDCRAFT\RELEASE\GAMEITEMS.OBJ
C:\USERS\EPONICK\DOCUMENTS\PROJECTS\ALLEGRO\MUDCRAFT\MUDCRAFT\RELEASE\GAME.OBJ
C:\USERS\EPONICK\DOCUMENTS\PROJECTS\ALLEGRO\MUDCRAFT\MUDCRAFT\RELEASE\GAMEMOBS.OBJ
C:\USERS\EPONICK\DOCUMENTS\PROJECTS\ALLEGRO\MUDCRAFT\MUDCRAFT\RELEASE\CGFXEVENT.OBJ
C:\USERS\EPONICK\DOCUMENTS\PROJECTS\ALLEGRO\MUDCRAFT\MUDCRAFT\RELEASE\GAMECOMMANDS.OBJ
C:\MUDCRAFT\MUDCRAFT\RELEASE\WIN32.OBJ
C:\MUDCRAFT\MUDCRAFT\RELEASE\UNIX.OBJ
C:\MUDCRAFT\MUDCRAFT\RELEASE\PROTOCOL.OBJ
C:\MUDCRAFT\MUDCRAFT\RELEASE\PEER.OBJ
C:\MUDCRAFT\MUDCRAFT\RELEASE\PACKET.OBJ
C:\MUDCRAFT\MUDCRAFT\RELEASE\LIST.OBJ
C:\MUDCRAFT\MUDCRAFT\RELEASE\HOST.OBJ
C:\MUDCRAFT\MUDCRAFT\RELEASE\COMPRESS.OBJ
C:\MUDCRAFT\MUDCRAFT\RELEASE\CALLBACKS.OBJ
C:\MUDCRAFT\MUDCRAFT\RELEASE\VC110.PDB
C:\MUDCRAFT\MUDCRAFT\RELEASE\TITLESTATE.OBJ
C:\MUDCRAFT\MUDCRAFT\RELEASE\SS_USERCOMMANDS.OBJ
C:\MUDCRAFT\MUDCRAFT\RELEASE\SERVERSTATE.OBJ
C:\MUDCRAFT\MUDCRAFT\RELEASE\PARTICLETYPES.OBJ
C:\MUDCRAFT\MUDCRAFT\RELEASE\GAMESTATE.OBJ
C:\MUDCRAFT\MUDCRAFT\RELEASE\MAIN.OBJ
C:\MUDCRAFT\MUDCRAFT\RELEASE\GAMEMOBS.OBJ
C:\MUDCRAFT\MUDCRAFT\RELEASE\GAMEITEMS.OBJ
C:\MUDCRAFT\MUDCRAFT\RELEASE\GAMECOMMANDS.OBJ
C:\MUDCRAFT\MUDCRAFT\RELEASE\GAME.OBJ
C:\MUDCRAFT\MUDCRAFT\RELEASE\CPLAYER.OBJ
C:\MUDCRAFT\MUDCRAFT\RELEASE\CPARTICLE.OBJ
C:\MUDCRAFT\MUDCRAFT\RELEASE\COBJ.OBJ
C:\MUDCRAFT\MUDCRAFT\RELEASE\CMOB.OBJ
C:\MUDCRAFT\MUDCRAFT\RELEASE\CMAP.OBJ
C:\MUDCRAFT\MUDCRAFT\RELEASE\CGFXEVENT.OBJ
C:\MUDCRAFT\MUDCRAFT\RELEASE\CBUTTON.OBJ
C:\USERS\EPONICK\DOCUMENTS\PROJECTS\ALLEGRO\MUDCRAFT\RELEASE\MUDCRAFT.EXE
C:\USERS\EPONICK\DOCUMENTS\PROJECTS\ALLEGRO\MUDCRAFT\MUDCRAFT\RELEASE\MUDCRAFT.EXE.INTERMEDIATE.MANIFEST
C:\USERS\EPONICK\DOCUMENTS\PROJECTS\ALLEGRO\MUDCRAFT\RELEASE\MUDCRAFT.PDB
C:\MUDCraft\MUDCraft\Release\callbacks.obj
C:\MUDCraft\MUDCraft\Release\cButton.obj
C:\MUDCraft\MUDCraft\Release\cGfxEvent.obj
C:\MUDCraft\MUDCraft\Release\cMap.obj
C:\MUDCraft\MUDCraft\Release\cMob.obj
C:\MUDCraft\MUDCraft\Release\cObj.obj
C:\MUDCraft\MUDCraft\Release\compress.obj
C:\MUDCraft\MUDCraft\Release\cParticle.obj
C:\MUDCraft\MUDCraft\Release\cPlayer.obj
C:\MUDCraft\MUDCraft\Release\Game.obj
C:\MUDCraft\MUDCraft\Release\GameCommands.obj
C:\MUDCraft\MUDCraft\Release\GameItems.obj
C:\MUDCraft\MUDCraft\Release\GameMobs.obj
C:\MUDCraft\MUDCraft\Release\GameState.obj
C:\MUDCraft\MUDCraft\Release\host.obj
C:\MUDCraft\MUDCraft\Release\list.obj
C:\MUDCraft\MUDCraft\Release\Main.obj
C:\MUDCraft\MUDCraft\Release\packet.obj
C:\MUDCraft\MUDCraft\Release\ParticleTypes.obj
C:\MUDCraft\MUDCraft\Release\peer.obj
C:\MUDCraft\MUDCraft\Release\protocol.obj
C:\MUDCraft\MUDCraft\Release\ServerState.obj
C:\MUDCraft\MUDCraft\Release\SS_UserCommands.obj
C:\MUDCraft\MUDCraft\Release\TitleState.obj
C:\MUDCraft\MUDCraft\Release\unix.obj
C:\MUDCraft\MUDCraft\Release\win32.obj
C:\MUDCraft\MUDCraft\Release\cl.command.1.tlog
C:\MUDCraft\MUDCraft\Release\CL.read.1.tlog
C:\MUDCraft\MUDCraft\Release\CL.write.1.tlog
C:\MUDCraft\MUDCraft\Release\link-cvtres.read.1.tlog
C:\MUDCraft\MUDCraft\Release\link-cvtres.write.1.tlog
C:\MUDCraft\MUDCraft\Release\link-rc.read.1.tlog
C:\MUDCraft\MUDCraft\Release\link-rc.write.1.tlog
C:\MUDCraft\MUDCraft\Release\link.command.1.tlog
C:\MUDCraft\MUDCraft\Release\link.read.1.tlog
C:\MUDCraft\MUDCraft\Release\link.write.1.tlog
C:\MUDCraft\MUDCraft\Release\mt.command.1.tlog
C:\MUDCraft\MUDCraft\Release\mt.read.1.tlog
C:\MUDCraft\MUDCraft\Release\mt.write.1.tlog
C:\MUDCraft\MUDCraft\Release\MUDCraft.exe.intermediate.manifest
C:\MUDCraft\MUDCraft\Release\vc100.pdb
C:\MUDCraft\MUDCraft\Release\vc110.pdb
C:\MUDCraft\Release\MUDCraft.pdb
