Build started 11/5/2013 1:19:44 PM.
     1>Project "C:\XiraGenesis\MUDCraft\MUDCraft.vcxproj" on node 2 (Build target(s)).
     1>ClCompile:
         C:\Program Files (x86)\Microsoft Visual Studio 11.0\VC\bin\CL.exe /c /ZI /nologo /W3 /WX- /Od /Oy- /D WIN32 /D _DEBUG /D _WINDOWS /D _UNICODE /D UNICODE /Gm /EHsc /RTC1 /MTd /GS /fp:precise /Zc:wchar_t /Zc:forScope /Fo"Debug\\" /Fd"Debug\vc110.pdb" /Gd /TC /analyze- /errorReport:prompt callbacks.c compress.c host.c list.c packet.c peer.c protocol.c unix.c win32.c
         win32.c
         unix.c
         protocol.c
         peer.c
         packet.c
         list.c
         host.c
         compress.c
     1>c:\xiragenesis\mudcraft\compress.c(303): warning C4146: unary minus operator applied to unsigned type, result still unsigned
     1>c:\xiragenesis\mudcraft\compress.c(308): warning C4146: unary minus operator applied to unsigned type, result still unsigned
     1>c:\xiragenesis\mudcraft\compress.c(326): warning C4146: unary minus operator applied to unsigned type, result still unsigned
     1>c:\xiragenesis\mudcraft\compress.c(548): warning C4146: unary minus operator applied to unsigned type, result still unsigned
     1>c:\xiragenesis\mudcraft\compress.c(563): warning C4146: unary minus operator applied to unsigned type, result still unsigned
     1>c:\xiragenesis\mudcraft\compress.c(578): warning C4146: unary minus operator applied to unsigned type, result still unsigned
     1>c:\xiragenesis\mudcraft\compress.c(593): warning C4146: unary minus operator applied to unsigned type, result still unsigned
         callbacks.c
         Generating Code...
         C:\Program Files (x86)\Microsoft Visual Studio 11.0\VC\bin\CL.exe /c /ZI /nologo /W3 /WX- /Od /Oy- /D WIN32 /D _DEBUG /D _WINDOWS /D _UNICODE /D UNICODE /Gm /EHsc /RTC1 /MTd /GS /fp:precise /Zc:wchar_t /Zc:forScope /Fo"Debug\\" /Fd"Debug\vc110.pdb" /Gd /TP /analyze- /errorReport:prompt cButton.cpp cGfxEvent.cpp cMap.cpp cMob.cpp cObj.cpp cParticle.cpp cPlayer.cpp Game.cpp GameCommands.cpp GameItems.cpp GameMobs.cpp Main.cpp GameState.cpp ParticleTypes.cpp ServerState.cpp SS_UserCommands.cpp TitleState.cpp
         TitleState.cpp
         SS_UserCommands.cpp
     1>c:\xiragenesis\mudcraft\ss_usercommands.cpp(309): warning C4018: '<' : signed/unsigned mismatch
         ServerState.cpp
     1>c:\xiragenesis\mudcraft\serverstate.cpp(745): warning C4018: '>=' : signed/unsigned mismatch
     1>c:\xiragenesis\mudcraft\serverstate.cpp(788): warning C4018: '>=' : signed/unsigned mismatch
     1>c:\xiragenesis\mudcraft\serverstate.cpp(829): warning C4018: '>=' : signed/unsigned mismatch
     1>c:\xiragenesis\mudcraft\serverstate.cpp(871): warning C4018: '>=' : signed/unsigned mismatch
     1>c:\xiragenesis\mudcraft\serverstate.cpp(1374): warning C4018: '<' : signed/unsigned mismatch
     1>c:\xiragenesis\mudcraft\serverstate.cpp(1461): warning C4018: '<' : signed/unsigned mismatch
         ParticleTypes.cpp
         GameState.cpp
     1>c:\xiragenesis\mudcraft\gamestate.cpp(90): warning C4309: 'initializing' : truncation of constant value
     1>c:\xiragenesis\mudcraft\gamestate.cpp(95): warning C4309: 'initializing' : truncation of constant value
     1>c:\xiragenesis\mudcraft\gamestate.cpp(103): warning C4309: 'initializing' : truncation of constant value
     1>c:\xiragenesis\mudcraft\gamestate.cpp(108): warning C4309: 'initializing' : truncation of constant value
     1>c:\xiragenesis\mudcraft\gamestate.cpp(116): warning C4309: 'initializing' : truncation of constant value
     1>c:\xiragenesis\mudcraft\gamestate.cpp(121): warning C4309: 'initializing' : truncation of constant value
     1>c:\xiragenesis\mudcraft\gamestate.cpp(129): warning C4309: 'initializing' : truncation of constant value
     1>c:\xiragenesis\mudcraft\gamestate.cpp(134): warning C4309: 'initializing' : truncation of constant value
     1>c:\xiragenesis\mudcraft\gamestate.cpp(632): warning C4018: '<' : signed/unsigned mismatch
         Main.cpp
         GameMobs.cpp
         GameItems.cpp
         GameCommands.cpp
         Game.cpp
     1>c:\xiragenesis\mudcraft\game.cpp(28): warning C4018: '>' : signed/unsigned mismatch
     1>c:\xiragenesis\mudcraft\game.cpp(138): warning C4018: '>' : signed/unsigned mismatch
     1>c:\xiragenesis\mudcraft\game.cpp(169): warning C4018: '<' : signed/unsigned mismatch
     1>c:\xiragenesis\mudcraft\game.cpp(212): warning C4018: '>' : signed/unsigned mismatch
     1>c:\xiragenesis\mudcraft\game.cpp(218): warning C4018: '<' : signed/unsigned mismatch
     1>c:\xiragenesis\mudcraft\game.cpp(221): warning C4018: '<' : signed/unsigned mismatch
         cPlayer.cpp
         cParticle.cpp
         cObj.cpp
         cMob.cpp
     1>c:\xiragenesis\mudcraft\cmob.cpp(28): warning C4060: switch statement contains no 'case' or 'default' labels
         cMap.cpp
         cGfxEvent.cpp
         cButton.cpp
         Generating Code...
       Link:
         C:\Program Files (x86)\Microsoft Visual Studio 11.0\VC\bin\link.exe /ERRORREPORT:PROMPT /OUT:"C:\XiraGenesis\Debug\Xira Genesis.exe" /INCREMENTAL /NOLOGO "allegro-5.0.10-monolith-static-mt-debug.lib" "freetype-2.4.8-static-mt-debug.lib" "zlib-1.2.5-static-mt-debug.lib" psapi.lib dinput8.lib d3d9.lib dxguid.lib gdiplus.lib shlwapi.lib winmm.lib opengl32.lib ws2_32.lib kernel32.lib user32.lib gdi32.lib winspool.lib comdlg32.lib advapi32.lib shell32.lib ole32.lib oleaut32.lib uuid.lib odbc32.lib odbccp32.lib /MANIFEST /MANIFESTUAC:"level='asInvoker' uiAccess='false'" /manifest:embed /DEBUG /PDB:"C:\XiraGenesis\Debug\Xira Genesis.pdb" /SUBSYSTEM:WINDOWS /TLBID:1 /DYNAMICBASE /NXCOMPAT /IMPLIB:"C:\XiraGenesis\Debug\Xira Genesis.lib" /MACHINE:X86 Debug\callbacks.obj
         Debug\cButton.obj
         Debug\cGfxEvent.obj
         Debug\cMap.obj
         Debug\cMob.obj
         Debug\cObj.obj
         Debug\compress.obj
         Debug\cParticle.obj
         Debug\cPlayer.obj
         Debug\Game.obj
         Debug\GameCommands.obj
         Debug\GameItems.obj
         Debug\GameMobs.obj
         Debug\host.obj
         Debug\list.obj
         Debug\Main.obj
         Debug\GameState.obj
         Debug\packet.obj
         Debug\ParticleTypes.obj
         Debug\peer.obj
         Debug\protocol.obj
         Debug\ServerState.obj
         Debug\SS_UserCommands.obj
         Debug\TitleState.obj
         Debug\unix.obj
         Debug\win32.obj
         icon.res
         MUDCraft.vcxproj -> C:\XiraGenesis\Debug\Xira Genesis.exe
     1>Done Building Project "C:\XiraGenesis\MUDCraft\MUDCraft.vcxproj" (Build target(s)).

Build succeeded.

Time Elapsed 00:01:37.67
