C:\MUDCRAFT\MUDCRAFT\DEBUG\CALLBACKS.OBJ
C:\MUDCRAFT\MUDCRAFT\DEBUG\COMPRESS.OBJ
C:\MUDCRAFT\MUDCRAFT\DEBUG\HOST.OBJ
C:\MUDCRAFT\MUDCRAFT\DEBUG\LIST.OBJ
C:\MUDCRAFT\MUDCRAFT\DEBUG\PACKET.OBJ
C:\MUDCRAFT\MUDCRAFT\DEBUG\PEER.OBJ
C:\MUDCRAFT\MUDCRAFT\DEBUG\PROTOCOL.OBJ
C:\MUDCRAFT\MUDCRAFT\DEBUG\UNIX.OBJ
C:\MUDCRAFT\MUDCRAFT\DEBUG\WIN32.OBJ
C:\MUDCRAFT\MUDCRAFT\DEBUG\VC110.PDB
C:\MUDCRAFT\MUDCRAFT\DEBUG\CBUTTON.OBJ
C:\MUDCRAFT\MUDCRAFT\DEBUG\CGFXEVENT.OBJ
C:\MUDCRAFT\MUDCRAFT\DEBUG\CMOB.OBJ
C:\MUDCRAFT\MUDCRAFT\DEBUG\COBJ.OBJ
C:\MUDCRAFT\MUDCRAFT\DEBUG\MAIN.OBJ
C:\MUDCRAFT\MUDCRAFT\DEBUG\TITLESTATE.OBJ
C:\MUDCRAFT\MUDCRAFT\DEBUG\CPARTICLE.OBJ
C:\MUDCRAFT\MUDCRAFT\DEBUG\PARTICLETYPES.OBJ
C:\MUDCRAFT\MUDCRAFT\DEBUG\GAME.OBJ
C:\MUDCRAFT\MUDCRAFT\DEBUG\GAMECOMMANDS.OBJ
C:\MUDCRAFT\MUDCRAFT\DEBUG\GAMEITEMS.OBJ
C:\MUDCRAFT\MUDCRAFT\DEBUG\GAMEMOBS.OBJ
C:\MUDCRAFT\MUDCRAFT\DEBUG\SS_USERCOMMANDS.OBJ
C:\MUDCRAFT\MUDCRAFT\DEBUG\CPLAYER.OBJ
C:\MUDCRAFT\MUDCRAFT\DEBUG\GAMESTATE.OBJ
C:\MUDCRAFT\MUDCRAFT\DEBUG\CMAP.OBJ
C:\MUDCRAFT\MUDCRAFT\DEBUG\SERVERSTATE.OBJ
C:\MUDCRAFT\DEBUG\MUDCRAFT.ILK
C:\MUDCRAFT\DEBUG\MUDCRAFT.EXE
C:\MUDCRAFT\DEBUG\MUDCRAFT.PDB
C:\MUDCraft\MUDCraft\Debug\callbacks.obj
C:\MUDCraft\MUDCraft\Debug\cButton.obj
C:\MUDCraft\MUDCraft\Debug\cGfxEvent.obj
C:\MUDCraft\MUDCraft\Debug\cMap.obj
C:\MUDCraft\MUDCraft\Debug\cMob.obj
C:\MUDCraft\MUDCraft\Debug\cObj.obj
C:\MUDCraft\MUDCraft\Debug\compress.obj
C:\MUDCraft\MUDCraft\Debug\cParticle.obj
C:\MUDCraft\MUDCraft\Debug\cPlayer.obj
C:\MUDCraft\MUDCraft\Debug\Game.obj
C:\MUDCraft\MUDCraft\Debug\GameCommands.obj
C:\MUDCraft\MUDCraft\Debug\GameItems.obj
C:\MUDCraft\MUDCraft\Debug\GameMobs.obj
C:\MUDCraft\MUDCraft\Debug\GameState.obj
C:\MUDCraft\MUDCraft\Debug\host.obj
C:\MUDCraft\MUDCraft\Debug\list.obj
C:\MUDCraft\MUDCraft\Debug\Main.obj
C:\MUDCraft\MUDCraft\Debug\packet.obj
C:\MUDCraft\MUDCraft\Debug\ParticleTypes.obj
C:\MUDCraft\MUDCraft\Debug\peer.obj
C:\MUDCraft\MUDCraft\Debug\protocol.obj
C:\MUDCraft\MUDCraft\Debug\ServerState.obj
C:\MUDCraft\MUDCraft\Debug\SS_UserCommands.obj
C:\MUDCraft\MUDCraft\Debug\TitleState.obj
C:\MUDCraft\MUDCraft\Debug\unix.obj
C:\MUDCraft\MUDCraft\Debug\win32.obj
C:\MUDCraft\MUDCraft\Debug\cl.command.1.tlog
C:\MUDCraft\MUDCraft\Debug\CL.read.1.tlog
C:\MUDCraft\MUDCraft\Debug\CL.write.1.tlog
C:\MUDCraft\MUDCraft\Debug\link-cvtres.read.1.tlog
C:\MUDCraft\MUDCraft\Debug\link-cvtres.write.1.tlog
C:\MUDCraft\MUDCraft\Debug\link-rc.read.1.tlog
C:\MUDCraft\MUDCraft\Debug\link-rc.write.1.tlog
C:\MUDCraft\MUDCraft\Debug\link.1208-cvtres.read.1.tlog
C:\MUDCraft\MUDCraft\Debug\link.1208-cvtres.write.1.tlog
C:\MUDCraft\MUDCraft\Debug\link.1208-rc.read.1.tlog
C:\MUDCraft\MUDCraft\Debug\link.1208-rc.write.1.tlog
C:\MUDCraft\MUDCraft\Debug\link.1208.read.1.tlog
C:\MUDCraft\MUDCraft\Debug\link.1208.write.1.tlog
C:\MUDCraft\MUDCraft\Debug\link.2060-cvtres.read.1.tlog
C:\MUDCraft\MUDCraft\Debug\link.2060-cvtres.write.1.tlog
C:\MUDCraft\MUDCraft\Debug\link.2060-rc.read.1.tlog
C:\MUDCraft\MUDCraft\Debug\link.2060-rc.write.1.tlog
C:\MUDCraft\MUDCraft\Debug\link.2060.read.1.tlog
C:\MUDCraft\MUDCraft\Debug\link.2060.write.1.tlog
C:\MUDCraft\MUDCraft\Debug\link.2088-cvtres.read.1.tlog
C:\MUDCraft\MUDCraft\Debug\link.2088-cvtres.write.1.tlog
C:\MUDCraft\MUDCraft\Debug\link.2088-rc.read.1.tlog
C:\MUDCraft\MUDCraft\Debug\link.2088-rc.write.1.tlog
C:\MUDCraft\MUDCraft\Debug\link.2088.read.1.tlog
C:\MUDCraft\MUDCraft\Debug\link.2088.write.1.tlog
C:\MUDCraft\MUDCraft\Debug\link.2240-cvtres.read.1.tlog
C:\MUDCraft\MUDCraft\Debug\link.2240-cvtres.write.1.tlog
C:\MUDCraft\MUDCraft\Debug\link.2240-rc.read.1.tlog
C:\MUDCraft\MUDCraft\Debug\link.2240-rc.write.1.tlog
C:\MUDCraft\MUDCraft\Debug\link.2240.read.1.tlog
C:\MUDCraft\MUDCraft\Debug\link.2240.write.1.tlog
C:\MUDCraft\MUDCraft\Debug\link.2404-cvtres.read.1.tlog
C:\MUDCraft\MUDCraft\Debug\link.2404-cvtres.write.1.tlog
C:\MUDCraft\MUDCraft\Debug\link.2404-rc.read.1.tlog
C:\MUDCraft\MUDCraft\Debug\link.2404-rc.write.1.tlog
C:\MUDCraft\MUDCraft\Debug\link.2404.read.1.tlog
C:\MUDCraft\MUDCraft\Debug\link.2404.write.1.tlog
C:\MUDCraft\MUDCraft\Debug\link.2552-cvtres.read.1.tlog
C:\MUDCraft\MUDCraft\Debug\link.2552-cvtres.write.1.tlog
C:\MUDCraft\MUDCraft\Debug\link.2552-rc.read.1.tlog
C:\MUDCraft\MUDCraft\Debug\link.2552-rc.write.1.tlog
C:\MUDCraft\MUDCraft\Debug\link.2552.read.1.tlog
C:\MUDCraft\MUDCraft\Debug\link.2552.write.1.tlog
C:\MUDCraft\MUDCraft\Debug\link.3056-cvtres.read.1.tlog
C:\MUDCraft\MUDCraft\Debug\link.3056-cvtres.write.1.tlog
C:\MUDCraft\MUDCraft\Debug\link.3056-rc.read.1.tlog
C:\MUDCraft\MUDCraft\Debug\link.3056-rc.write.1.tlog
C:\MUDCraft\MUDCraft\Debug\link.3056.read.1.tlog
C:\MUDCraft\MUDCraft\Debug\link.3056.write.1.tlog
C:\MUDCraft\MUDCraft\Debug\link.3300-cvtres.read.1.tlog
C:\MUDCraft\MUDCraft\Debug\link.3300-cvtres.write.1.tlog
C:\MUDCraft\MUDCraft\Debug\link.3300-rc.read.1.tlog
C:\MUDCraft\MUDCraft\Debug\link.3300-rc.write.1.tlog
C:\MUDCraft\MUDCraft\Debug\link.3300.read.1.tlog
C:\MUDCraft\MUDCraft\Debug\link.3300.write.1.tlog
C:\MUDCraft\MUDCraft\Debug\link.3400-cvtres.read.1.tlog
C:\MUDCraft\MUDCraft\Debug\link.3400-cvtres.write.1.tlog
C:\MUDCraft\MUDCraft\Debug\link.3400-rc.read.1.tlog
C:\MUDCraft\MUDCraft\Debug\link.3400-rc.write.1.tlog
C:\MUDCraft\MUDCraft\Debug\link.3400.read.1.tlog
C:\MUDCraft\MUDCraft\Debug\link.3400.write.1.tlog
C:\MUDCraft\MUDCraft\Debug\link.3604-cvtres.read.1.tlog
C:\MUDCraft\MUDCraft\Debug\link.3604-cvtres.write.1.tlog
C:\MUDCraft\MUDCraft\Debug\link.3604-rc.read.1.tlog
C:\MUDCraft\MUDCraft\Debug\link.3604-rc.write.1.tlog
C:\MUDCraft\MUDCraft\Debug\link.3604.read.1.tlog
C:\MUDCraft\MUDCraft\Debug\link.3604.write.1.tlog
C:\MUDCraft\MUDCraft\Debug\link.3644-cvtres.read.1.tlog
C:\MUDCraft\MUDCraft\Debug\link.3644-cvtres.write.1.tlog
C:\MUDCraft\MUDCraft\Debug\link.3644-rc.read.1.tlog
C:\MUDCraft\MUDCraft\Debug\link.3644-rc.write.1.tlog
C:\MUDCraft\MUDCraft\Debug\link.3644.read.1.tlog
C:\MUDCraft\MUDCraft\Debug\link.3644.write.1.tlog
C:\MUDCraft\MUDCraft\Debug\link.3660-cvtres.read.1.tlog
C:\MUDCraft\MUDCraft\Debug\link.3660-cvtres.write.1.tlog
C:\MUDCraft\MUDCraft\Debug\link.3660-rc.read.1.tlog
C:\MUDCraft\MUDCraft\Debug\link.3660-rc.write.1.tlog
C:\MUDCraft\MUDCraft\Debug\link.3660.read.1.tlog
C:\MUDCraft\MUDCraft\Debug\link.3660.write.1.tlog
C:\MUDCraft\MUDCraft\Debug\link.3704-cvtres.read.1.tlog
C:\MUDCraft\MUDCraft\Debug\link.3704-cvtres.write.1.tlog
C:\MUDCraft\MUDCraft\Debug\link.3704-rc.read.1.tlog
C:\MUDCraft\MUDCraft\Debug\link.3704-rc.write.1.tlog
C:\MUDCraft\MUDCraft\Debug\link.3704.read.1.tlog
C:\MUDCraft\MUDCraft\Debug\link.3704.write.1.tlog
C:\MUDCraft\MUDCraft\Debug\link.3980-cvtres.read.1.tlog
C:\MUDCraft\MUDCraft\Debug\link.3980-cvtres.write.1.tlog
C:\MUDCraft\MUDCraft\Debug\link.3980-rc.read.1.tlog
C:\MUDCraft\MUDCraft\Debug\link.3980-rc.write.1.tlog
C:\MUDCraft\MUDCraft\Debug\link.3980.read.1.tlog
C:\MUDCraft\MUDCraft\Debug\link.3980.write.1.tlog
C:\MUDCraft\MUDCraft\Debug\link.4000-cvtres.read.1.tlog
C:\MUDCraft\MUDCraft\Debug\link.4000-cvtres.write.1.tlog
C:\MUDCraft\MUDCraft\Debug\link.4000-rc.read.1.tlog
C:\MUDCraft\MUDCraft\Debug\link.4000-rc.write.1.tlog
C:\MUDCraft\MUDCraft\Debug\link.4000.read.1.tlog
C:\MUDCraft\MUDCraft\Debug\link.4000.write.1.tlog
C:\MUDCraft\MUDCraft\Debug\link.4116-cvtres.read.1.tlog
C:\MUDCraft\MUDCraft\Debug\link.4116-cvtres.write.1.tlog
C:\MUDCraft\MUDCraft\Debug\link.4116-rc.read.1.tlog
C:\MUDCraft\MUDCraft\Debug\link.4116-rc.write.1.tlog
C:\MUDCraft\MUDCraft\Debug\link.4116.read.1.tlog
C:\MUDCraft\MUDCraft\Debug\link.4116.write.1.tlog
C:\MUDCraft\MUDCraft\Debug\link.4656-cvtres.read.1.tlog
C:\MUDCraft\MUDCraft\Debug\link.4656-cvtres.write.1.tlog
C:\MUDCraft\MUDCraft\Debug\link.4656-rc.read.1.tlog
C:\MUDCraft\MUDCraft\Debug\link.4656-rc.write.1.tlog
C:\MUDCraft\MUDCraft\Debug\link.4656.read.1.tlog
C:\MUDCraft\MUDCraft\Debug\link.4656.write.1.tlog
C:\MUDCraft\MUDCraft\Debug\link.4732-cvtres.read.1.tlog
C:\MUDCraft\MUDCraft\Debug\link.4732-cvtres.write.1.tlog
C:\MUDCraft\MUDCraft\Debug\link.4732-rc.read.1.tlog
C:\MUDCraft\MUDCraft\Debug\link.4732-rc.write.1.tlog
C:\MUDCraft\MUDCraft\Debug\link.4732.read.1.tlog
C:\MUDCraft\MUDCraft\Debug\link.4732.write.1.tlog
C:\MUDCraft\MUDCraft\Debug\link.5072-cvtres.read.1.tlog
C:\MUDCraft\MUDCraft\Debug\link.5072-cvtres.write.1.tlog
C:\MUDCraft\MUDCraft\Debug\link.5072-rc.read.1.tlog
C:\MUDCraft\MUDCraft\Debug\link.5072-rc.write.1.tlog
C:\MUDCraft\MUDCraft\Debug\link.5072.read.1.tlog
C:\MUDCraft\MUDCraft\Debug\link.5072.write.1.tlog
C:\MUDCraft\MUDCraft\Debug\link.5740-cvtres.read.1.tlog
C:\MUDCraft\MUDCraft\Debug\link.5740-cvtres.write.1.tlog
C:\MUDCraft\MUDCraft\Debug\link.5740-rc.read.1.tlog
C:\MUDCraft\MUDCraft\Debug\link.5740-rc.write.1.tlog
C:\MUDCraft\MUDCraft\Debug\link.5740.read.1.tlog
C:\MUDCraft\MUDCraft\Debug\link.5740.write.1.tlog
C:\MUDCraft\MUDCraft\Debug\link.6048-cvtres.read.1.tlog
C:\MUDCraft\MUDCraft\Debug\link.6048-cvtres.write.1.tlog
C:\MUDCraft\MUDCraft\Debug\link.6048-rc.read.1.tlog
C:\MUDCraft\MUDCraft\Debug\link.6048-rc.write.1.tlog
C:\MUDCraft\MUDCraft\Debug\link.6048.read.1.tlog
C:\MUDCraft\MUDCraft\Debug\link.6048.write.1.tlog
C:\MUDCraft\MUDCraft\Debug\link.command.1.tlog
C:\MUDCraft\MUDCraft\Debug\link.read.1.tlog
C:\MUDCraft\MUDCraft\Debug\link.write.1.tlog
C:\MUDCraft\MUDCraft\Debug\vc110.idb
C:\MUDCraft\MUDCraft\Debug\vc110.pdb
C:\MUDCraft\Debug\MUDCraft.pdb
C:\MUDCraft\Debug\MUDCraft.exe
C:\MUDCraft\Debug\MUDCraft.ilk
