C:\XIRAGENESIS\XIRAGENESIS\DEBUG\CALLBACKS.OBJ
C:\XIRAGENESIS\XIRAGENESIS\DEBUG\COMPRESS.OBJ
C:\XIRAGENESIS\XIRAGENESIS\DEBUG\HOST.OBJ
C:\XIRAGENESIS\XIRAGENESIS\DEBUG\LIST.OBJ
C:\XIRAGENESIS\XIRAGENESIS\DEBUG\PACKET.OBJ
C:\XIRAGENESIS\XIRAGENESIS\DEBUG\PEER.OBJ
C:\XIRAGENESIS\XIRAGENESIS\DEBUG\PROTOCOL.OBJ
C:\XIRAGENESIS\XIRAGENESIS\DEBUG\UNIX.OBJ
C:\XIRAGENESIS\XIRAGENESIS\DEBUG\WIN32.OBJ
C:\XIRAGENESIS\XIRAGENESIS\DEBUG\VC110.PDB
C:\XIRAGENESIS\XIRAGENESIS\DEBUG\CBUTTON.OBJ
C:\XIRAGENESIS\XIRAGENESIS\DEBUG\CGFXEVENT.OBJ
C:\XIRAGENESIS\XIRAGENESIS\DEBUG\CMAP.OBJ
C:\XIRAGENESIS\XIRAGENESIS\DEBUG\CMOB.OBJ
C:\XIRAGENESIS\XIRAGENESIS\DEBUG\COBJ.OBJ
C:\XIRAGENESIS\XIRAGENESIS\DEBUG\CPARTICLE.OBJ
C:\XIRAGENESIS\XIRAGENESIS\DEBUG\CPLAYER.OBJ
C:\XIRAGENESIS\XIRAGENESIS\DEBUG\GAME.OBJ
C:\XIRAGENESIS\XIRAGENESIS\DEBUG\GAMECOMMANDS.OBJ
C:\XIRAGENESIS\XIRAGENESIS\DEBUG\GAMEITEMS.OBJ
C:\XIRAGENESIS\XIRAGENESIS\DEBUG\GAMEMOBS.OBJ
C:\XIRAGENESIS\XIRAGENESIS\DEBUG\MAIN.OBJ
C:\XIRAGENESIS\XIRAGENESIS\DEBUG\PARTICLETYPES.OBJ
C:\XIRAGENESIS\XIRAGENESIS\DEBUG\SS_USERCOMMANDS.OBJ
C:\XIRAGENESIS\XIRAGENESIS\DEBUG\TITLESTATE.OBJ
C:\XIRAGENESIS\XIRAGENESIS\DEBUG\GAMESTATE.OBJ
C:\XIRAGENESIS\XIRAGENESIS\DEBUG\SERVERSTATE.OBJ
C:\XIRAGENESIS\DEBUG\XIRA GENESIS.ILK
C:\XIRAGENESIS\DEBUG\XIRA GENESIS.EXE
C:\XIRAGENESIS\DEBUG\XIRA GENESIS.PDB
C:\XIRAGENESIS\XIRAGENESIS\DEBUG\XIRA GENESIS.RES
C:\XiraGenesis\XiraGenesis\Debug\callbacks.obj
C:\XiraGenesis\XiraGenesis\Debug\cButton.obj
C:\XiraGenesis\XiraGenesis\Debug\cGfxEvent.obj
C:\XiraGenesis\XiraGenesis\Debug\cMap.obj
C:\XiraGenesis\XiraGenesis\Debug\cMob.obj
C:\XiraGenesis\XiraGenesis\Debug\cObj.obj
C:\XiraGenesis\XiraGenesis\Debug\compress.obj
C:\XiraGenesis\XiraGenesis\Debug\cParticle.obj
C:\XiraGenesis\XiraGenesis\Debug\cPlayer.obj
C:\XiraGenesis\XiraGenesis\Debug\Game.obj
C:\XiraGenesis\XiraGenesis\Debug\GameCommands.obj
C:\XiraGenesis\XiraGenesis\Debug\GameItems.obj
C:\XiraGenesis\XiraGenesis\Debug\GameMobs.obj
C:\XiraGenesis\XiraGenesis\Debug\GameState.obj
C:\XiraGenesis\XiraGenesis\Debug\host.obj
C:\XiraGenesis\XiraGenesis\Debug\list.obj
C:\XiraGenesis\XiraGenesis\Debug\Main.obj
C:\XiraGenesis\XiraGenesis\Debug\packet.obj
C:\XiraGenesis\XiraGenesis\Debug\ParticleTypes.obj
C:\XiraGenesis\XiraGenesis\Debug\peer.obj
C:\XiraGenesis\XiraGenesis\Debug\protocol.obj
C:\XiraGenesis\XiraGenesis\Debug\ServerState.obj
C:\XiraGenesis\XiraGenesis\Debug\SS_UserCommands.obj
C:\XiraGenesis\XiraGenesis\Debug\TitleState.obj
C:\XiraGenesis\XiraGenesis\Debug\unix.obj
C:\XiraGenesis\XiraGenesis\Debug\win32.obj
C:\XiraGenesis\XiraGenesis\Debug\cl.command.1.tlog
C:\XiraGenesis\XiraGenesis\Debug\CL.read.1.tlog
C:\XiraGenesis\XiraGenesis\Debug\CL.write.1.tlog
C:\XiraGenesis\XiraGenesis\Debug\link-cvtres.read.1.tlog
C:\XiraGenesis\XiraGenesis\Debug\link-cvtres.write.1.tlog
C:\XiraGenesis\XiraGenesis\Debug\link-rc.read.1.tlog
C:\XiraGenesis\XiraGenesis\Debug\link-rc.write.1.tlog
C:\XiraGenesis\XiraGenesis\Debug\link.1632-cvtres.read.1.tlog
C:\XiraGenesis\XiraGenesis\Debug\link.1632-cvtres.write.1.tlog
C:\XiraGenesis\XiraGenesis\Debug\link.1632-rc.read.1.tlog
C:\XiraGenesis\XiraGenesis\Debug\link.1632-rc.write.1.tlog
C:\XiraGenesis\XiraGenesis\Debug\link.1632.read.1.tlog
C:\XiraGenesis\XiraGenesis\Debug\link.1632.write.1.tlog
C:\XiraGenesis\XiraGenesis\Debug\link.1860-cvtres.read.1.tlog
C:\XiraGenesis\XiraGenesis\Debug\link.1860-cvtres.write.1.tlog
C:\XiraGenesis\XiraGenesis\Debug\link.1860-rc.read.1.tlog
C:\XiraGenesis\XiraGenesis\Debug\link.1860-rc.write.1.tlog
C:\XiraGenesis\XiraGenesis\Debug\link.1860.read.1.tlog
C:\XiraGenesis\XiraGenesis\Debug\link.1860.write.1.tlog
C:\XiraGenesis\XiraGenesis\Debug\link.2056-cvtres.read.1.tlog
C:\XiraGenesis\XiraGenesis\Debug\link.2056-cvtres.write.1.tlog
C:\XiraGenesis\XiraGenesis\Debug\link.2056-rc.read.1.tlog
C:\XiraGenesis\XiraGenesis\Debug\link.2056-rc.write.1.tlog
C:\XiraGenesis\XiraGenesis\Debug\link.2056.read.1.tlog
C:\XiraGenesis\XiraGenesis\Debug\link.2056.write.1.tlog
C:\XiraGenesis\XiraGenesis\Debug\link.2360-cvtres.read.1.tlog
C:\XiraGenesis\XiraGenesis\Debug\link.2360-cvtres.write.1.tlog
C:\XiraGenesis\XiraGenesis\Debug\link.2360-rc.read.1.tlog
C:\XiraGenesis\XiraGenesis\Debug\link.2360-rc.write.1.tlog
C:\XiraGenesis\XiraGenesis\Debug\link.2360.read.1.tlog
C:\XiraGenesis\XiraGenesis\Debug\link.2360.write.1.tlog
C:\XiraGenesis\XiraGenesis\Debug\link.2404-cvtres.read.1.tlog
C:\XiraGenesis\XiraGenesis\Debug\link.2404-cvtres.write.1.tlog
C:\XiraGenesis\XiraGenesis\Debug\link.2404-rc.read.1.tlog
C:\XiraGenesis\XiraGenesis\Debug\link.2404-rc.write.1.tlog
C:\XiraGenesis\XiraGenesis\Debug\link.2404.read.1.tlog
C:\XiraGenesis\XiraGenesis\Debug\link.2404.write.1.tlog
C:\XiraGenesis\XiraGenesis\Debug\link.2416-cvtres.read.1.tlog
C:\XiraGenesis\XiraGenesis\Debug\link.2416-cvtres.write.1.tlog
C:\XiraGenesis\XiraGenesis\Debug\link.2416-rc.read.1.tlog
C:\XiraGenesis\XiraGenesis\Debug\link.2416-rc.write.1.tlog
C:\XiraGenesis\XiraGenesis\Debug\link.2416.read.1.tlog
C:\XiraGenesis\XiraGenesis\Debug\link.2416.write.1.tlog
C:\XiraGenesis\XiraGenesis\Debug\link.2548-cvtres.read.1.tlog
C:\XiraGenesis\XiraGenesis\Debug\link.2548-cvtres.write.1.tlog
C:\XiraGenesis\XiraGenesis\Debug\link.2548-rc.read.1.tlog
C:\XiraGenesis\XiraGenesis\Debug\link.2548-rc.write.1.tlog
C:\XiraGenesis\XiraGenesis\Debug\link.2548.read.1.tlog
C:\XiraGenesis\XiraGenesis\Debug\link.2548.write.1.tlog
C:\XiraGenesis\XiraGenesis\Debug\link.2852-cvtres.read.1.tlog
C:\XiraGenesis\XiraGenesis\Debug\link.2852-cvtres.write.1.tlog
C:\XiraGenesis\XiraGenesis\Debug\link.2852-rc.read.1.tlog
C:\XiraGenesis\XiraGenesis\Debug\link.2852-rc.write.1.tlog
C:\XiraGenesis\XiraGenesis\Debug\link.2852.read.1.tlog
C:\XiraGenesis\XiraGenesis\Debug\link.2852.write.1.tlog
C:\XiraGenesis\XiraGenesis\Debug\link.3000-cvtres.read.1.tlog
C:\XiraGenesis\XiraGenesis\Debug\link.3000-cvtres.write.1.tlog
C:\XiraGenesis\XiraGenesis\Debug\link.3000-rc.read.1.tlog
C:\XiraGenesis\XiraGenesis\Debug\link.3000-rc.write.1.tlog
C:\XiraGenesis\XiraGenesis\Debug\link.3000.read.1.tlog
C:\XiraGenesis\XiraGenesis\Debug\link.3000.write.1.tlog
C:\XiraGenesis\XiraGenesis\Debug\link.316-cvtres.read.1.tlog
C:\XiraGenesis\XiraGenesis\Debug\link.316-cvtres.write.1.tlog
C:\XiraGenesis\XiraGenesis\Debug\link.316-rc.read.1.tlog
C:\XiraGenesis\XiraGenesis\Debug\link.316-rc.write.1.tlog
C:\XiraGenesis\XiraGenesis\Debug\link.316.read.1.tlog
C:\XiraGenesis\XiraGenesis\Debug\link.316.write.1.tlog
C:\XiraGenesis\XiraGenesis\Debug\link.3276-cvtres.read.1.tlog
C:\XiraGenesis\XiraGenesis\Debug\link.3276-cvtres.write.1.tlog
C:\XiraGenesis\XiraGenesis\Debug\link.3276-rc.read.1.tlog
C:\XiraGenesis\XiraGenesis\Debug\link.3276-rc.write.1.tlog
C:\XiraGenesis\XiraGenesis\Debug\link.3276.read.1.tlog
C:\XiraGenesis\XiraGenesis\Debug\link.3276.write.1.tlog
C:\XiraGenesis\XiraGenesis\Debug\link.336-cvtres.read.1.tlog
C:\XiraGenesis\XiraGenesis\Debug\link.336-cvtres.write.1.tlog
C:\XiraGenesis\XiraGenesis\Debug\link.336-rc.read.1.tlog
C:\XiraGenesis\XiraGenesis\Debug\link.336-rc.write.1.tlog
C:\XiraGenesis\XiraGenesis\Debug\link.336.read.1.tlog
C:\XiraGenesis\XiraGenesis\Debug\link.336.write.1.tlog
C:\XiraGenesis\XiraGenesis\Debug\link.3492-cvtres.read.1.tlog
C:\XiraGenesis\XiraGenesis\Debug\link.3492-cvtres.write.1.tlog
C:\XiraGenesis\XiraGenesis\Debug\link.3492-rc.read.1.tlog
C:\XiraGenesis\XiraGenesis\Debug\link.3492-rc.write.1.tlog
C:\XiraGenesis\XiraGenesis\Debug\link.3492.read.1.tlog
C:\XiraGenesis\XiraGenesis\Debug\link.3492.write.1.tlog
C:\XiraGenesis\XiraGenesis\Debug\link.3624-cvtres.read.1.tlog
C:\XiraGenesis\XiraGenesis\Debug\link.3624-cvtres.write.1.tlog
C:\XiraGenesis\XiraGenesis\Debug\link.3624-rc.read.1.tlog
C:\XiraGenesis\XiraGenesis\Debug\link.3624-rc.write.1.tlog
C:\XiraGenesis\XiraGenesis\Debug\link.3624.read.1.tlog
C:\XiraGenesis\XiraGenesis\Debug\link.3624.write.1.tlog
C:\XiraGenesis\XiraGenesis\Debug\link.3796-cvtres.read.1.tlog
C:\XiraGenesis\XiraGenesis\Debug\link.3796-cvtres.write.1.tlog
C:\XiraGenesis\XiraGenesis\Debug\link.3796-rc.read.1.tlog
C:\XiraGenesis\XiraGenesis\Debug\link.3796-rc.write.1.tlog
C:\XiraGenesis\XiraGenesis\Debug\link.3796.read.1.tlog
C:\XiraGenesis\XiraGenesis\Debug\link.3796.write.1.tlog
C:\XiraGenesis\XiraGenesis\Debug\link.3860-cvtres.read.1.tlog
C:\XiraGenesis\XiraGenesis\Debug\link.3860-cvtres.write.1.tlog
C:\XiraGenesis\XiraGenesis\Debug\link.3860-rc.read.1.tlog
C:\XiraGenesis\XiraGenesis\Debug\link.3860-rc.write.1.tlog
C:\XiraGenesis\XiraGenesis\Debug\link.3860.read.1.tlog
C:\XiraGenesis\XiraGenesis\Debug\link.3860.write.1.tlog
C:\XiraGenesis\XiraGenesis\Debug\link.392-cvtres.read.1.tlog
C:\XiraGenesis\XiraGenesis\Debug\link.392-cvtres.write.1.tlog
C:\XiraGenesis\XiraGenesis\Debug\link.392-rc.read.1.tlog
C:\XiraGenesis\XiraGenesis\Debug\link.392-rc.write.1.tlog
C:\XiraGenesis\XiraGenesis\Debug\link.392.read.1.tlog
C:\XiraGenesis\XiraGenesis\Debug\link.392.write.1.tlog
C:\XiraGenesis\XiraGenesis\Debug\link.4260-cvtres.read.1.tlog
C:\XiraGenesis\XiraGenesis\Debug\link.4260-cvtres.write.1.tlog
C:\XiraGenesis\XiraGenesis\Debug\link.4260-rc.read.1.tlog
C:\XiraGenesis\XiraGenesis\Debug\link.4260-rc.write.1.tlog
C:\XiraGenesis\XiraGenesis\Debug\link.4260.read.1.tlog
C:\XiraGenesis\XiraGenesis\Debug\link.4260.write.1.tlog
C:\XiraGenesis\XiraGenesis\Debug\link.4416-cvtres.read.1.tlog
C:\XiraGenesis\XiraGenesis\Debug\link.4416-cvtres.write.1.tlog
C:\XiraGenesis\XiraGenesis\Debug\link.4416-rc.read.1.tlog
C:\XiraGenesis\XiraGenesis\Debug\link.4416-rc.write.1.tlog
C:\XiraGenesis\XiraGenesis\Debug\link.4416.read.1.tlog
C:\XiraGenesis\XiraGenesis\Debug\link.4416.write.1.tlog
C:\XiraGenesis\XiraGenesis\Debug\link.4596-cvtres.read.1.tlog
C:\XiraGenesis\XiraGenesis\Debug\link.4596-cvtres.write.1.tlog
C:\XiraGenesis\XiraGenesis\Debug\link.4596-rc.read.1.tlog
C:\XiraGenesis\XiraGenesis\Debug\link.4596-rc.write.1.tlog
C:\XiraGenesis\XiraGenesis\Debug\link.4596.read.1.tlog
C:\XiraGenesis\XiraGenesis\Debug\link.4596.write.1.tlog
C:\XiraGenesis\XiraGenesis\Debug\link.4652-cvtres.read.1.tlog
C:\XiraGenesis\XiraGenesis\Debug\link.4652-cvtres.write.1.tlog
C:\XiraGenesis\XiraGenesis\Debug\link.4652-rc.read.1.tlog
C:\XiraGenesis\XiraGenesis\Debug\link.4652-rc.write.1.tlog
C:\XiraGenesis\XiraGenesis\Debug\link.4652.read.1.tlog
C:\XiraGenesis\XiraGenesis\Debug\link.4652.write.1.tlog
C:\XiraGenesis\XiraGenesis\Debug\link.4688-cvtres.read.1.tlog
C:\XiraGenesis\XiraGenesis\Debug\link.4688-cvtres.write.1.tlog
C:\XiraGenesis\XiraGenesis\Debug\link.4688-rc.read.1.tlog
C:\XiraGenesis\XiraGenesis\Debug\link.4688-rc.write.1.tlog
C:\XiraGenesis\XiraGenesis\Debug\link.4688.read.1.tlog
C:\XiraGenesis\XiraGenesis\Debug\link.4688.write.1.tlog
C:\XiraGenesis\XiraGenesis\Debug\link.4724-cvtres.read.1.tlog
C:\XiraGenesis\XiraGenesis\Debug\link.4724-cvtres.write.1.tlog
C:\XiraGenesis\XiraGenesis\Debug\link.4724-rc.read.1.tlog
C:\XiraGenesis\XiraGenesis\Debug\link.4724-rc.write.1.tlog
C:\XiraGenesis\XiraGenesis\Debug\link.4724.read.1.tlog
C:\XiraGenesis\XiraGenesis\Debug\link.4724.write.1.tlog
C:\XiraGenesis\XiraGenesis\Debug\link.5084-cvtres.read.1.tlog
C:\XiraGenesis\XiraGenesis\Debug\link.5084-cvtres.write.1.tlog
C:\XiraGenesis\XiraGenesis\Debug\link.5084-rc.read.1.tlog
C:\XiraGenesis\XiraGenesis\Debug\link.5084-rc.write.1.tlog
C:\XiraGenesis\XiraGenesis\Debug\link.5084.read.1.tlog
C:\XiraGenesis\XiraGenesis\Debug\link.5084.write.1.tlog
C:\XiraGenesis\XiraGenesis\Debug\link.command.1.tlog
C:\XiraGenesis\XiraGenesis\Debug\link.read.1.tlog
C:\XiraGenesis\XiraGenesis\Debug\link.write.1.tlog
C:\XiraGenesis\XiraGenesis\Debug\NativeCodeAnalysis.read.1.tlog
C:\XiraGenesis\XiraGenesis\Debug\rc.command.1.tlog
C:\XiraGenesis\XiraGenesis\Debug\rc.read.1.tlog
C:\XiraGenesis\XiraGenesis\Debug\rc.write.1.tlog
C:\XiraGenesis\XiraGenesis\Debug\Xira Genesis.res
C:\XiraGenesis\XiraGenesis\Debug\vc110.idb
C:\XiraGenesis\XiraGenesis\Debug\vc110.pdb
C:\XiraGenesis\XiraGenesis\Debug\callbacks.c.nativecodeanalysis.xml
C:\XiraGenesis\XiraGenesis\Debug\cButton.cpp.nativecodeanalysis.xml
C:\XiraGenesis\XiraGenesis\Debug\cGfxEvent.cpp.nativecodeanalysis.xml
C:\XiraGenesis\XiraGenesis\Debug\cMap.cpp.nativecodeanalysis.xml
C:\XiraGenesis\XiraGenesis\Debug\cMob.cpp.nativecodeanalysis.xml
C:\XiraGenesis\XiraGenesis\Debug\cObj.cpp.nativecodeanalysis.xml
C:\XiraGenesis\XiraGenesis\Debug\compress.c.nativecodeanalysis.xml
C:\XiraGenesis\XiraGenesis\Debug\cParticle.cpp.nativecodeanalysis.xml
C:\XiraGenesis\XiraGenesis\Debug\cPlayer.cpp.nativecodeanalysis.xml
C:\XiraGenesis\XiraGenesis\Debug\Game.cpp.nativecodeanalysis.xml
C:\XiraGenesis\XiraGenesis\Debug\GameCommands.cpp.nativecodeanalysis.xml
C:\XiraGenesis\XiraGenesis\Debug\GameItems.cpp.nativecodeanalysis.xml
C:\XiraGenesis\XiraGenesis\Debug\GameMobs.cpp.nativecodeanalysis.xml
C:\XiraGenesis\XiraGenesis\Debug\GameState.cpp.nativecodeanalysis.xml
C:\XiraGenesis\XiraGenesis\Debug\host.c.nativecodeanalysis.xml
C:\XiraGenesis\XiraGenesis\Debug\list.c.nativecodeanalysis.xml
C:\XiraGenesis\XiraGenesis\Debug\Main.cpp.nativecodeanalysis.xml
C:\XiraGenesis\XiraGenesis\Debug\packet.c.nativecodeanalysis.xml
C:\XiraGenesis\XiraGenesis\Debug\ParticleTypes.cpp.nativecodeanalysis.xml
C:\XiraGenesis\XiraGenesis\Debug\peer.c.nativecodeanalysis.xml
C:\XiraGenesis\XiraGenesis\Debug\protocol.c.nativecodeanalysis.xml
C:\XiraGenesis\XiraGenesis\Debug\ServerState.cpp.nativecodeanalysis.xml
C:\XiraGenesis\XiraGenesis\Debug\SS_UserCommands.cpp.nativecodeanalysis.xml
C:\XiraGenesis\XiraGenesis\Debug\TitleState.cpp.nativecodeanalysis.xml
C:\XiraGenesis\XiraGenesis\Debug\unix.c.nativecodeanalysis.xml
C:\XiraGenesis\XiraGenesis\Debug\vc.nativecodeanalysis.all.xml
C:\XiraGenesis\XiraGenesis\Debug\win32.c.nativecodeanalysis.xml
C:\XiraGenesis\Debug\Xira Genesis.pdb
C:\XiraGenesis\Debug\Xira Genesis.exe
C:\XiraGenesis\Debug\Xira Genesis.ilk
