Build started 5/11/2014 10:59:10 PM.
     1>Project "C:\XiraGenesis\XiraGenesis\XiraGenesis.vcxproj" on node 2 (Build target(s)).
     1>ClCompile:
         C:\Program Files (x86)\Microsoft Visual Studio 12.0\VC\bin\CL.exe /c /ZI /nologo /W1 /WX- /Od /Oy- /D WIN32 /D _DEBUG /D _WINDOWS /D _UNICODE /D UNICODE /Gm /EHsc /RTC1 /MTd /GS /fp:precise /Zc:wchar_t /Zc:forScope /Fo"Debug\\" /Fd"Debug\vc120.pdb" /Gd /TP /analyze- /errorReport:prompt ServerState.cpp
         ServerState.cpp
       Link:
         C:\Program Files (x86)\Microsoft Visual Studio 12.0\VC\bin\link.exe /ERRORREPORT:PROMPT /OUT:"C:\XiraGenesis\Debug\Xira Genesis.exe" /INCREMENTAL /NOLOGO "allegro-5.0.10-monolith-static-mt-debug.lib" "freetype-2.4.8-static-mt-debug.lib" "zlib-1.2.5-static-mt-debug.lib" psapi.lib dinput8.lib d3d9.lib dxguid.lib gdiplus.lib shlwapi.lib winmm.lib opengl32.lib ws2_32.lib kernel32.lib user32.lib gdi32.lib winspool.lib comdlg32.lib advapi32.lib shell32.lib ole32.lib oleaut32.lib uuid.lib odbc32.lib odbccp32.lib /MANIFEST /MANIFESTUAC:"level='asInvoker' uiAccess='false'" /manifest:embed /DEBUG /PDB:"C:\XiraGenesis\Debug\Xira Genesis.pdb" /SUBSYSTEM:WINDOWS /TLBID:1 /DYNAMICBASE /NXCOMPAT /IMPLIB:"C:\XiraGenesis\Debug\Xira Genesis.lib" /MACHINE:X86 "Debug\Xira Genesis.res"
         Debug\callbacks.obj
         Debug\cButton.obj
         Debug\cGfxEvent.obj
         Debug\cMap.obj
         Debug\cMob.obj
         Debug\cObj.obj
         Debug\compress.obj
         Debug\cParticle.obj
         Debug\cPlayer.obj
         Debug\cSprite.obj
         Debug\Game.obj
         Debug\GameCommands.obj
         Debug\GameItems.obj
         Debug\GameMobs.obj
         Debug\host.obj
         Debug\list.obj
         Debug\Main.obj
         Debug\GameState.obj
         Debug\packet.obj
         Debug\ParticleTypes.obj
         Debug\peer.obj
         Debug\protocol.obj
         Debug\ServerState.obj
         Debug\SS_UserCommands.obj
         Debug\TitleState.obj
         Debug\unix.obj
         Debug\win32.obj
         XiraGenesis.vcxproj -> C:\XiraGenesis\Debug\Xira Genesis.exe
     1>Done Building Project "C:\XiraGenesis\XiraGenesis\XiraGenesis.vcxproj" (Build target(s)).

Build succeeded.

Time Elapsed 00:00:10.02
